c:\users\22893\source\repos\窗口版cs读写\窗口版cs读写\x64\release\vc142.pdb
c:\users\22893\source\repos\窗口版cs读写\窗口版cs读写\x64\release\stringtypesflow.obj
c:\users\22893\source\repos\窗口版cs读写\窗口版cs读写\x64\release\randomclan.obj
c:\users\22893\source\repos\窗口版cs读写\窗口版cs读写\x64\release\pause.obj
c:\users\22893\source\repos\窗口版cs读写\窗口版cs读写\x64\release\main.obj
c:\users\22893\source\repos\窗口版cs读写\窗口版cs读写\x64\release\getprocesspidbyname.obj
c:\users\22893\source\repos\窗口版cs读写\窗口版cs读写\x64\release\getfocwintitlecpp.obj
c:\users\22893\source\repos\窗口版cs读写\窗口版cs读写\x64\release\getdistance.obj
c:\users\22893\source\repos\窗口版cs读写\窗口版cs读写\x64\release\gamesystemsetting.obj
c:\users\22893\source\repos\窗口版cs读写\窗口版cs读写\x64\release\getfocwintitle.obj
c:\users\22893\source\repos\窗口版cs读写\x64\release\窗口版cs读写.exe
c:\users\22893\source\repos\窗口版cs读写\窗口版cs读写\x64\release\窗口版cs读写.ipdb
c:\users\22893\source\repos\窗口版cs读写\窗口版cs读写\x64\release\窗口版cs读写.iobj
c:\users\22893\source\repos\窗口版cs读写\x64\release\窗口版cs读写.pdb
c:\users\22893\source\repos\窗口版cs读写\窗口版cs读写\x64\release\窗口版cs读写.res
c:\users\22893\source\repos\窗口版cs读写\窗口版cs读写\x64\release\窗口版cs读写.tlog\cl.command.1.tlog
c:\users\22893\source\repos\窗口版cs读写\窗口版cs读写\x64\release\窗口版cs读写.tlog\cl.read.1.tlog
c:\users\22893\source\repos\窗口版cs读写\窗口版cs读写\x64\release\窗口版cs读写.tlog\cl.write.1.tlog
c:\users\22893\source\repos\窗口版cs读写\窗口版cs读写\x64\release\窗口版cs读写.tlog\link.command.1.tlog
c:\users\22893\source\repos\窗口版cs读写\窗口版cs读写\x64\release\窗口版cs读写.tlog\link.read.1.tlog
c:\users\22893\source\repos\窗口版cs读写\窗口版cs读写\x64\release\窗口版cs读写.tlog\link.write.1.tlog
c:\users\22893\source\repos\窗口版cs读写\窗口版cs读写\x64\release\窗口版cs读写.tlog\rc.command.1.tlog
c:\users\22893\source\repos\窗口版cs读写\窗口版cs读写\x64\release\窗口版cs读写.tlog\rc.read.1.tlog
c:\users\22893\source\repos\窗口版cs读写\窗口版cs读写\x64\release\窗口版cs读写.tlog\rc.write.1.tlog
